Using pre-set license
Built from '2020.3/staging' branch; Version is '2020.3.4f1 (0abb6314276a) revision 703331'; Using compiler version '192528614'; Build Type 'Release'
OS: 'Windows 10 Pro; OS build 19042.928; Version 2009; 64bit' Language: 'en' Physical Memory: 16135 MB
BatchMode: 1, IsHumanControllingUs: 0, StartBugReporterOnCrash: 0, Is64bit: 1, IsPro: 0

 COMMAND LINE ARGUMENTS:
C:\Program Files\Unity\Hub\Editor\2020.3.4f1\Editor\Unity.exe
-adb2
-batchMode
-noUpm
-name
AssetImportWorker0
-projectPath
C:/Users/diyar/Documents/GitHub/SachasBoomNBang_Unity/Sacha's Boom N' Bang
-logFile
Logs/AssetImportWorker0.log
-srvPort
51562
Successfully changed project path to: C:/Users/diyar/Documents/GitHub/SachasBoomNBang_Unity/Sacha's Boom N' Bang
C:/Users/diyar/Documents/GitHub/SachasBoomNBang_Unity/Sacha's Boom N' Bang
Using Asset Import Pipeline V2.
Refreshing native plugins compatible for Editor in 53.33 ms, found 1 plugins.
Preloading 0 native plugins for Editor in 0.00 ms.
Initialize engine version: 2020.3.4f1 (0abb6314276a)
[Subsystems] Discovering subsystems at path C:/Program Files/Unity/Hub/Editor/2020.3.4f1/Editor/Data/Resources/UnitySubsystems
[Subsystems] Discovering subsystems at path C:/Users/diyar/Documents/GitHub/SachasBoomNBang_Unity/Sacha's Boom N' Bang/Assets
GfxDevice: creating device client; threaded=0
Direct3D:
    Version:  Direct3D 11.0 [level 11.1]
    Renderer: NVIDIA GeForce RTX 2070 Super with Max-Q Design (ID=0x1e91)
    Vendor:   
    VRAM:     8011 MB
    Driver:   27.21.14.5266
Initialize mono
Mono path[0] = 'C:/Program Files/Unity/Hub/Editor/2020.3.4f1/Editor/Data/Managed'
Mono path[1] = 'C:/Program Files/Unity/Hub/Editor/2020.3.4f1/Editor/Data/MonoBleedingEdge/lib/mono/unityjit'
Mono config path = 'C:/Program Files/Unity/Hub/Editor/2020.3.4f1/Editor/Data/MonoBleedingEdge/etc'
Using monoOptions --debugger-agent=transport=dt_socket,embedding=1,server=y,suspend=n,address=127.0.0.1:56496
Begin MonoManager ReloadAssembly
Registering precompiled unity dll's ...
Register platform support module: C:/Program Files/Unity/Hub/Editor/2020.3.4f1/Editor/Data/PlaybackEngines/WindowsStandaloneSupport/UnityEditor.WindowsStandalone.Extensions.dll
Registered in 0.002366 seconds.
Native extension for WindowsStandalone target not found
Refreshing native plugins compatible for Editor in 51.68 ms, found 1 plugins.
Preloading 0 native plugins for Editor in 0.00 ms.
Mono: successfully reloaded assembly
- Completed reload, in  1.514 seconds
Platform modules already initialized, skipping
Registering precompiled user dll's ...
Registered in 0.001151 seconds.
Begin MonoManager ReloadAssembly
Native extension for WindowsStandalone target not found
Refreshing native plugins compatible for Editor in 49.86 ms, found 1 plugins.
Preloading 0 native plugins for Editor in 0.00 ms.
Mono: successfully reloaded assembly
- Completed reload, in  1.268 seconds
Platform modules already initialized, skipping
========================================================================
Worker process is ready to serve import requests
Launched and connected shader compiler UnityShaderCompiler.exe after 0.07 seconds
Refreshing native plugins compatible for Editor in 0.59 ms, found 1 plugins.
Preloading 0 native plugins for Editor in 0.00 ms.
Unloading 1823 Unused Serialized files (Serialized files now loaded: 0)
System memory in use before: 85.8 MB.
System memory in use after: 85.7 MB.

Unloading 24 unused Assets to reduce memory usage. Loaded Objects now: 2266.
Total: 5.645900 ms (FindLiveObjects: 0.443900 ms CreateObjectMapping: 0.275200 ms MarkObjects: 4.569800 ms  DeleteObjects: 0.353300 ms)

========================================================================
Received Import Request.
  path: Assets/Art/Enemy/Punch
  artifactKey: Guid(d4051f65bf2370c488c019dbbefc4d61) Importer(815301076,1909f56bfc062723c751e8b465ee728b)
Start importing Assets/Art/Enemy/Punch using Guid(d4051f65bf2370c488c019dbbefc4d61) Importer(815301076,1909f56bfc062723c751e8b465ee728b)  -> (artifact id: '85252a4614674898e3499099e94b8a25') in 0.025656 seconds
  Import took 0.033816 seconds .

========================================================================
Received Import Request.
  Time since last request: 7.134343 seconds.
  path: Assets/Art/Enemy/Uppercut
  artifactKey: Guid(87486d7da0e981e4e9eedb9d0b9308cf) Importer(815301076,1909f56bfc062723c751e8b465ee728b)
Start importing Assets/Art/Enemy/Uppercut using Guid(87486d7da0e981e4e9eedb9d0b9308cf) Importer(815301076,1909f56bfc062723c751e8b465ee728b)  -> (artifact id: '4738b6e7f73ec46c3a58fba32a10acd5') in 0.015850 seconds
  Import took 0.023365 seconds .

========================================================================
Received Import Request.
  Time since last request: 4.203469 seconds.
  path: Assets/Art/Enemy/Block
  artifactKey: Guid(40ad8825f3e8d2145a05410c78d33f5a) Importer(815301076,1909f56bfc062723c751e8b465ee728b)
Start importing Assets/Art/Enemy/Block using Guid(40ad8825f3e8d2145a05410c78d33f5a) Importer(815301076,1909f56bfc062723c751e8b465ee728b)  -> (artifact id: '136f424584fbc491253222786bf0e1b5') in 0.019981 seconds
  Import took 0.029931 seconds .

========================================================================
Received Import Request.
  Time since last request: 16.322128 seconds.
  path: Assets/Art/Enemy/Uppercut/EnemyUppercut1.png
  artifactKey: Guid(fc6b3827b97072d49a5aa781f47878b0) Importer(815301076,1909f56bfc062723c751e8b465ee728b)
Start importing Assets/Art/Enemy/Uppercut/EnemyUppercut1.png using Guid(fc6b3827b97072d49a5aa781f47878b0) Importer(815301076,1909f56bfc062723c751e8b465ee728b)  -> (artifact id: 'eec53d71dc150b0a1f98f140a996f5f6') in 0.137034 seconds
  Import took 0.141225 seconds .

========================================================================
Received Import Request.
  Time since last request: 0.000258 seconds.
  path: Assets/Art/Enemy/Uppercut/EnemyUppercut4.png
  artifactKey: Guid(4d0312038199fa54f8be1005f38f4957) Importer(815301076,1909f56bfc062723c751e8b465ee728b)
Start importing Assets/Art/Enemy/Uppercut/EnemyUppercut4.png using Guid(4d0312038199fa54f8be1005f38f4957) Importer(815301076,1909f56bfc062723c751e8b465ee728b)  -> (artifact id: '58204ae26b8670143545b45e5f95daa3') in 0.016271 seconds
  Import took 0.020095 seconds .

========================================================================
Received Import Request.
  Time since last request: 0.000263 seconds.
  path: Assets/Art/Enemy/Uppercut/EnemyUppercut2.png
  artifactKey: Guid(bc265ab0ccd1be34a980145d99183aa4) Importer(815301076,1909f56bfc062723c751e8b465ee728b)
Start importing Assets/Art/Enemy/Uppercut/EnemyUppercut2.png using Guid(bc265ab0ccd1be34a980145d99183aa4) Importer(815301076,1909f56bfc062723c751e8b465ee728b)  -> (artifact id: '9dce35caf2f6e2594dec6f0196ba5983') in 0.017015 seconds
  Import took 0.020901 seconds .

========================================================================
Received Import Request.
  Time since last request: 0.000245 seconds.
  path: Assets/Art/Enemy/Uppercut/EnemyUppercut5.png
  artifactKey: Guid(fa27a9ee446c7654785d72e61fb4b298) Importer(815301076,1909f56bfc062723c751e8b465ee728b)
Start importing Assets/Art/Enemy/Uppercut/EnemyUppercut5.png using Guid(fa27a9ee446c7654785d72e61fb4b298) Importer(815301076,1909f56bfc062723c751e8b465ee728b)  -> (artifact id: '6e4639515e931951600a173479aaec15') in 0.019176 seconds
  Import took 0.023724 seconds .

========================================================================
Received Import Request.
  Time since last request: 0.000267 seconds.
  path: Assets/Art/Enemy/Uppercut/EnemyUppercut3.png
  artifactKey: Guid(43a5c8d593400944692c54a3b25610e2) Importer(815301076,1909f56bfc062723c751e8b465ee728b)
Start importing Assets/Art/Enemy/Uppercut/EnemyUppercut3.png using Guid(43a5c8d593400944692c54a3b25610e2) Importer(815301076,1909f56bfc062723c751e8b465ee728b)  -> (artifact id: 'b9540a362c60de6118ee0fc2f280c278') in 0.015884 seconds
  Import took 0.019808 seconds .

========================================================================
Received Import Request.
  Time since last request: 9.079423 seconds.
  path: Assets/Art/Enemy/Block/EnemyBlock.png
  artifactKey: Guid(5a9293405ac5c434aaebdbf572300402) Importer(815301076,1909f56bfc062723c751e8b465ee728b)
Start importing Assets/Art/Enemy/Block/EnemyBlock.png using Guid(5a9293405ac5c434aaebdbf572300402) Importer(815301076,1909f56bfc062723c751e8b465ee728b)  -> (artifact id: '66fd7f8125c63ea666c11f07f9d3c608') in 0.017900 seconds
  Import took 0.022198 seconds .

========================================================================
Received Import Request.
  Time since last request: 0.003594 seconds.
  path: Assets/Art/Enemy/Block/EnemyBlock.png
  artifactKey: Guid(5a9293405ac5c434aaebdbf572300402) Importer(815301076,1909f56bfc062723c751e8b465ee728b)
Start importing Assets/Art/Enemy/Block/EnemyBlock.png using Guid(5a9293405ac5c434aaebdbf572300402) Importer(815301076,1909f56bfc062723c751e8b465ee728b)  -> (artifact id: '66fd7f8125c63ea666c11f07f9d3c608') in 0.012837 seconds
  Import took 0.017482 seconds .

========================================================================
Received Import Request.
  Time since last request: 7.610923 seconds.
  path: Assets/Art/Enemy/Block/EnemyBlock.png
  artifactKey: Guid(5a9293405ac5c434aaebdbf572300402) Importer(815301076,1909f56bfc062723c751e8b465ee728b)
Start importing Assets/Art/Enemy/Block/EnemyBlock.png using Guid(5a9293405ac5c434aaebdbf572300402) Importer(815301076,1909f56bfc062723c751e8b465ee728b)  -> (artifact id: '6af48088b7dd5905e7a1aaf0ec0f775c') in 0.021741 seconds
  Import took 0.027978 seconds .

========================================================================
Received Import Request.
  Time since last request: 0.018790 seconds.
  path: Assets/Art/Enemy/Block/EnemyBlock.png
  artifactKey: Guid(5a9293405ac5c434aaebdbf572300402) Importer(815301076,1909f56bfc062723c751e8b465ee728b)
Start importing Assets/Art/Enemy/Block/EnemyBlock.png using Guid(5a9293405ac5c434aaebdbf572300402) Importer(815301076,1909f56bfc062723c751e8b465ee728b)  -> (artifact id: '6af48088b7dd5905e7a1aaf0ec0f775c') in 0.011624 seconds
  Import took 0.016191 seconds .

========================================================================
Received Import Request.
  Time since last request: 8.044570 seconds.
  path: Assets/Art/Enemy/Uppercut/EnemyUppercut5.png
  artifactKey: Guid(fa27a9ee446c7654785d72e61fb4b298) Importer(815301076,1909f56bfc062723c751e8b465ee728b)
Start importing Assets/Art/Enemy/Uppercut/EnemyUppercut5.png using Guid(fa27a9ee446c7654785d72e61fb4b298) Importer(815301076,1909f56bfc062723c751e8b465ee728b)  -> (artifact id: '9cd36cb54ed52a9d8b975d8af6e1a713') in 0.015221 seconds
  Import took 0.019571 seconds .

========================================================================
Received Import Request.
  Time since last request: 0.011592 seconds.
  path: Assets/Art/Enemy/Uppercut/EnemyUppercut1.png
  artifactKey: Guid(fc6b3827b97072d49a5aa781f47878b0) Importer(815301076,1909f56bfc062723c751e8b465ee728b)
Start importing Assets/Art/Enemy/Uppercut/EnemyUppercut1.png using Guid(fc6b3827b97072d49a5aa781f47878b0) Importer(815301076,1909f56bfc062723c751e8b465ee728b)  -> (artifact id: 'cd525bb85ea85473091010368ac79d50') in 0.014623 seconds
  Import took 0.019184 seconds .

========================================================================
Received Import Request.
  Time since last request: 0.000365 seconds.
  path: Assets/Art/Enemy/Uppercut/EnemyUppercut4.png
  artifactKey: Guid(4d0312038199fa54f8be1005f38f4957) Importer(815301076,1909f56bfc062723c751e8b465ee728b)
Start importing Assets/Art/Enemy/Uppercut/EnemyUppercut4.png using Guid(4d0312038199fa54f8be1005f38f4957) Importer(815301076,1909f56bfc062723c751e8b465ee728b)  -> (artifact id: 'f695349be24cf1d25d941e8574cca3eb') in 0.017545 seconds
  Import took 0.021661 seconds .

========================================================================
Received Import Request.
  Time since last request: 0.000293 seconds.
  path: Assets/Art/Enemy/Uppercut/EnemyUppercut2.png
  artifactKey: Guid(bc265ab0ccd1be34a980145d99183aa4) Importer(815301076,1909f56bfc062723c751e8b465ee728b)
Start importing Assets/Art/Enemy/Uppercut/EnemyUppercut2.png using Guid(bc265ab0ccd1be34a980145d99183aa4) Importer(815301076,1909f56bfc062723c751e8b465ee728b)  -> (artifact id: '45b0ae547a538b4e5f476c88ba981458') in 0.018324 seconds
  Import took 0.023592 seconds .

========================================================================
Received Import Request.
  Time since last request: 0.000216 seconds.
  path: Assets/Art/Enemy/Uppercut/EnemyUppercut3.png
  artifactKey: Guid(43a5c8d593400944692c54a3b25610e2) Importer(815301076,1909f56bfc062723c751e8b465ee728b)
Start importing Assets/Art/Enemy/Uppercut/EnemyUppercut3.png using Guid(43a5c8d593400944692c54a3b25610e2) Importer(815301076,1909f56bfc062723c751e8b465ee728b)  -> (artifact id: 'd4f4e2616fd39eacfdb8d5680652cd55') in 0.015699 seconds
  Import took 0.020039 seconds .

========================================================================
Received Prepare
Registering precompiled user dll's ...
Registered in 0.001120 seconds.
Begin MonoManager ReloadAssembly
Native extension for WindowsStandalone target not found
Refreshing native plugins compatible for Editor in 0.72 ms, found 1 plugins.
Preloading 0 native plugins for Editor in 0.00 ms.
Mono: successfully reloaded assembly
- Completed reload, in  1.153 seconds
Platform modules already initialized, skipping
Refreshing native plugins compatible for Editor in 0.40 ms, found 1 plugins.
Preloading 0 native plugins for Editor in 0.00 ms.
Unloading 1818 Unused Serialized files (Serialized files now loaded: 0)
System memory in use before: 88.8 MB.
System memory in use after: 88.8 MB.

Unloading 12 unused Assets to reduce memory usage. Loaded Objects now: 2276.
Total: 2.611300 ms (FindLiveObjects: 0.223400 ms CreateObjectMapping: 0.087000 ms MarkObjects: 2.175600 ms  DeleteObjects: 0.124200 ms)

========================================================================
Received Import Request.
  Time since last request: 69.271478 seconds.
  path: Assets/Resources/GameAssets.prefab
  artifactKey: Guid(e215564224ffe4846aef94b5d7d7a06c) Importer(815301076,1909f56bfc062723c751e8b465ee728b)
Start importing Assets/Resources/GameAssets.prefab using Guid(e215564224ffe4846aef94b5d7d7a06c) Importer(815301076,1909f56bfc062723c751e8b465ee728b)  -> (artifact id: 'c4b680a715d894cdc4ce7c683a60f890') in 0.061637 seconds
  Import took 0.065968 seconds .

========================================================================
Received Import Request.
  Time since last request: 9.336445 seconds.
  path: Assets/Resources/GameAssets.prefab
  artifactKey: Guid(e215564224ffe4846aef94b5d7d7a06c) Importer(815301076,1909f56bfc062723c751e8b465ee728b)
Start importing Assets/Resources/GameAssets.prefab using Guid(e215564224ffe4846aef94b5d7d7a06c) Importer(815301076,1909f56bfc062723c751e8b465ee728b)  -> (artifact id: '680a0035fea5027c1158879385fac194') in 0.016887 seconds
  Import took 0.022830 seconds .

========================================================================
Received Import Request.
  Time since last request: 5.637238 seconds.
  path: Assets/Resources/GameAssets.prefab
  artifactKey: Guid(e215564224ffe4846aef94b5d7d7a06c) Importer(815301076,1909f56bfc062723c751e8b465ee728b)
Start importing Assets/Resources/GameAssets.prefab using Guid(e215564224ffe4846aef94b5d7d7a06c) Importer(815301076,1909f56bfc062723c751e8b465ee728b)  -> (artifact id: 'd78b7d763e16c37ed846c99b026b02f3') in 0.012284 seconds
  Import took 0.016723 seconds .

========================================================================
Received Import Request.
  Time since last request: 7.131831 seconds.
  path: Assets/Resources/GameAssets.prefab
  artifactKey: Guid(e215564224ffe4846aef94b5d7d7a06c) Importer(815301076,1909f56bfc062723c751e8b465ee728b)
Start importing Assets/Resources/GameAssets.prefab using Guid(e215564224ffe4846aef94b5d7d7a06c) Importer(815301076,1909f56bfc062723c751e8b465ee728b)  -> (artifact id: 'e50bc5d7255d645158c264c01c5d0457') in 0.012313 seconds
  Import took 0.016702 seconds .

========================================================================
Received Import Request.
  Time since last request: 1.919343 seconds.
  path: Assets/Resources/GameAssets.prefab
  artifactKey: Guid(e215564224ffe4846aef94b5d7d7a06c) Importer(815301076,1909f56bfc062723c751e8b465ee728b)
Start importing Assets/Resources/GameAssets.prefab using Guid(e215564224ffe4846aef94b5d7d7a06c) Importer(815301076,1909f56bfc062723c751e8b465ee728b)  -> (artifact id: 'd82cda2fc342f41f882369ae954ff512') in 0.012440 seconds
  Import took 0.016860 seconds .

========================================================================
Received Import Request.
  Time since last request: 1.638016 seconds.
  path: Assets/Resources/GameAssets.prefab
  artifactKey: Guid(e215564224ffe4846aef94b5d7d7a06c) Importer(815301076,1909f56bfc062723c751e8b465ee728b)
Start importing Assets/Resources/GameAssets.prefab using Guid(e215564224ffe4846aef94b5d7d7a06c) Importer(815301076,1909f56bfc062723c751e8b465ee728b)  -> (artifact id: 'b58589e74bc2e216311cf4ca0a9608d5') in 0.012622 seconds
  Import took 0.017187 seconds .

========================================================================
Received Import Request.
  Time since last request: 1.904772 seconds.
  path: Assets/Resources/GameAssets.prefab
  artifactKey: Guid(e215564224ffe4846aef94b5d7d7a06c) Importer(815301076,1909f56bfc062723c751e8b465ee728b)
Start importing Assets/Resources/GameAssets.prefab using Guid(e215564224ffe4846aef94b5d7d7a06c) Importer(815301076,1909f56bfc062723c751e8b465ee728b)  -> (artifact id: 'f3ffb8718315d47fc5459c5e74858ac5') in 0.012612 seconds
  Import took 0.016961 seconds .

========================================================================
Received Import Request.
  Time since last request: 1.682193 seconds.
  path: Assets/Resources/GameAssets.prefab
  artifactKey: Guid(e215564224ffe4846aef94b5d7d7a06c) Importer(815301076,1909f56bfc062723c751e8b465ee728b)
Start importing Assets/Resources/GameAssets.prefab using Guid(e215564224ffe4846aef94b5d7d7a06c) Importer(815301076,1909f56bfc062723c751e8b465ee728b)  -> (artifact id: 'ccce5c028bd2910c1528d7f12c184f6e') in 0.021335 seconds
  Import took 0.028046 seconds .

========================================================================
Received Import Request.
  Time since last request: 11.120141 seconds.
  path: Assets/Scripts/Enemy/EnemyAttackState.cs
  artifactKey: Guid(13118d1ae25e8184ba18180bd7f84cad) Importer(815301076,1909f56bfc062723c751e8b465ee728b)
Start importing Assets/Scripts/Enemy/EnemyAttackState.cs using Guid(13118d1ae25e8184ba18180bd7f84cad) Importer(815301076,1909f56bfc062723c751e8b465ee728b)  -> (artifact id: '0d3113dc3bc70c590adf0e2a79789269') in 0.010219 seconds
  Import took 0.014145 seconds .

========================================================================
Received Import Request.
  Time since last request: 2.181840 seconds.
  path: Assets/Scripts/Enemy/EnemyIdleState.cs
  artifactKey: Guid(da2191682aabac7438494dd797a4e23c) Importer(815301076,1909f56bfc062723c751e8b465ee728b)
Start importing Assets/Scripts/Enemy/EnemyIdleState.cs using Guid(da2191682aabac7438494dd797a4e23c) Importer(815301076,1909f56bfc062723c751e8b465ee728b)  -> (artifact id: '071082f2eddc0bc5e859839529ffbfbe') in 0.007827 seconds
  Import took 0.011766 seconds .

========================================================================
Received Import Request.
  Time since last request: 27.148589 seconds.
  path: Assets/Scripts/Enemy/EnemyBlockState.cs
  artifactKey: Guid(f63ec39d292f13c49a88ab695f5d9fef) Importer(815301076,1909f56bfc062723c751e8b465ee728b)
Start importing Assets/Scripts/Enemy/EnemyBlockState.cs using Guid(f63ec39d292f13c49a88ab695f5d9fef) Importer(815301076,1909f56bfc062723c751e8b465ee728b)  -> (artifact id: '2b072bfde67cad309feb46ae464263a4') in 0.010575 seconds
  Import took 0.015414 seconds .

========================================================================
Received Prepare
Registering precompiled user dll's ...
Registered in 0.001049 seconds.
Begin MonoManager ReloadAssembly
Native extension for WindowsStandalone target not found
Refreshing native plugins compatible for Editor in 0.63 ms, found 1 plugins.
Preloading 0 native plugins for Editor in 0.00 ms.
Mono: successfully reloaded assembly
- Completed reload, in  1.298 seconds
Platform modules already initialized, skipping
Refreshing native plugins compatible for Editor in 0.47 ms, found 1 plugins.
Preloading 0 native plugins for Editor in 0.00 ms.
Unloading 1819 Unused Serialized files (Serialized files now loaded: 0)
System memory in use before: 88.9 MB.
System memory in use after: 88.9 MB.

Unloading 12 unused Assets to reduce memory usage. Loaded Objects now: 2281.
Total: 2.804800 ms (FindLiveObjects: 0.215700 ms CreateObjectMapping: 0.093000 ms MarkObjects: 2.366900 ms  DeleteObjects: 0.127900 ms)

========================================================================
Received Import Request.
  Time since last request: 178.520209 seconds.
  path: Assets/Scripts/Enemy/EnemyUppercutState.cs
  artifactKey: Guid(995fa672111ef4b45a319fe647632a1a) Importer(815301076,1909f56bfc062723c751e8b465ee728b)
Start importing Assets/Scripts/Enemy/EnemyUppercutState.cs using Guid(995fa672111ef4b45a319fe647632a1a) Importer(815301076,1909f56bfc062723c751e8b465ee728b)  -> (artifact id: 'fc01a7e05106666e558a8f93b6caec39') in 0.012795 seconds
  Import took 0.017763 seconds .

========================================================================
Received Prepare
Registering precompiled user dll's ...
Registered in 0.001155 seconds.
Begin MonoManager ReloadAssembly
Native extension for WindowsStandalone target not found
Refreshing native plugins compatible for Editor in 0.42 ms, found 1 plugins.
Preloading 0 native plugins for Editor in 0.00 ms.
Mono: successfully reloaded assembly
- Completed reload, in  1.123 seconds
Platform modules already initialized, skipping
Refreshing native plugins compatible for Editor in 0.43 ms, found 1 plugins.
Preloading 0 native plugins for Editor in 0.00 ms.
Unloading 1820 Unused Serialized files (Serialized files now loaded: 0)
System memory in use before: 88.9 MB.
System memory in use after: 88.9 MB.

Unloading 12 unused Assets to reduce memory usage. Loaded Objects now: 2286.
Total: 2.650700 ms (FindLiveObjects: 0.218200 ms CreateObjectMapping: 0.103100 ms MarkObjects: 2.195800 ms  DeleteObjects: 0.132500 ms)

========================================================================
Received Import Request.
  Time since last request: 379.734198 seconds.
  path: Assets/Scripts/Enemy/EnemyUppercutState.cs
  artifactKey: Guid(995fa672111ef4b45a319fe647632a1a) Importer(815301076,1909f56bfc062723c751e8b465ee728b)
Start importing Assets/Scripts/Enemy/EnemyUppercutState.cs using Guid(995fa672111ef4b45a319fe647632a1a) Importer(815301076,1909f56bfc062723c751e8b465ee728b)  -> (artifact id: 'edbf726f88d740dfb6cb1c0aa84fe135') in 0.005788 seconds
  Import took 0.009427 seconds .

========================================================================
Received Prepare
Registering precompiled user dll's ...
Registered in 0.001081 seconds.
Begin MonoManager ReloadAssembly
Native extension for WindowsStandalone target not found
Refreshing native plugins compatible for Editor in 0.42 ms, found 1 plugins.
Preloading 0 native plugins for Editor in 0.00 ms.
Mono: successfully reloaded assembly
- Completed reload, in  1.110 seconds
Platform modules already initialized, skipping
Refreshing native plugins compatible for Editor in 0.45 ms, found 1 plugins.
Preloading 0 native plugins for Editor in 0.00 ms.
Unloading 1820 Unused Serialized files (Serialized files now loaded: 0)
System memory in use before: 89.0 MB.
System memory in use after: 88.9 MB.

Unloading 12 unused Assets to reduce memory usage. Loaded Objects now: 2290.
Total: 2.453100 ms (FindLiveObjects: 0.230200 ms CreateObjectMapping: 0.101800 ms MarkObjects: 1.985700 ms  DeleteObjects: 0.133700 ms)

========================================================================
Received Prepare
Registering precompiled user dll's ...
Registered in 0.001130 seconds.
Begin MonoManager ReloadAssembly
Native extension for WindowsStandalone target not found
Refreshing native plugins compatible for Editor in 0.43 ms, found 1 plugins.
Preloading 0 native plugins for Editor in 0.00 ms.
Mono: successfully reloaded assembly
- Completed reload, in  1.130 seconds
Platform modules already initialized, skipping
Refreshing native plugins compatible for Editor in 0.41 ms, found 1 plugins.
Preloading 0 native plugins for Editor in 0.00 ms.
Unloading 1820 Unused Serialized files (Serialized files now loaded: 0)
System memory in use before: 89.0 MB.
System memory in use after: 88.9 MB.

Unloading 12 unused Assets to reduce memory usage. Loaded Objects now: 2294.
Total: 5.333000 ms (FindLiveObjects: 0.410900 ms CreateObjectMapping: 0.183100 ms MarkObjects: 4.487500 ms  DeleteObjects: 0.249300 ms)

========================================================================
Received Prepare
Registering precompiled user dll's ...
Registered in 0.001567 seconds.
Begin MonoManager ReloadAssembly
Native extension for WindowsStandalone target not found
Refreshing native plugins compatible for Editor in 0.73 ms, found 1 plugins.
Preloading 0 native plugins for Editor in 0.00 ms.
Mono: successfully reloaded assembly
- Completed reload, in  1.262 seconds
Platform modules already initialized, skipping
Refreshing native plugins compatible for Editor in 0.41 ms, found 1 plugins.
Preloading 0 native plugins for Editor in 0.00 ms.
Unloading 1820 Unused Serialized files (Serialized files now loaded: 0)
System memory in use before: 89.0 MB.
System memory in use after: 89.0 MB.

Unloading 12 unused Assets to reduce memory usage. Loaded Objects now: 2298.
Total: 2.871500 ms (FindLiveObjects: 0.279900 ms CreateObjectMapping: 0.105700 ms MarkObjects: 2.336400 ms  DeleteObjects: 0.148000 ms)

========================================================================
Received Prepare
Registering precompiled user dll's ...
Registered in 0.001201 seconds.
Begin MonoManager ReloadAssembly
Native extension for WindowsStandalone target not found
Refreshing native plugins compatible for Editor in 0.43 ms, found 1 plugins.
Preloading 0 native plugins for Editor in 0.00 ms.
Mono: successfully reloaded assembly
- Completed reload, in  1.218 seconds
Platform modules already initialized, skipping
Refreshing native plugins compatible for Editor in 0.42 ms, found 1 plugins.
Preloading 0 native plugins for Editor in 0.00 ms.
Unloading 1820 Unused Serialized files (Serialized files now loaded: 0)
System memory in use before: 89.0 MB.
System memory in use after: 89.0 MB.

Unloading 12 unused Assets to reduce memory usage. Loaded Objects now: 2302.
Total: 3.050500 ms (FindLiveObjects: 0.270900 ms CreateObjectMapping: 0.112500 ms MarkObjects: 2.497900 ms  DeleteObjects: 0.167800 ms)

========================================================================
Received Prepare
Registering precompiled user dll's ...
Registered in 0.001140 seconds.
Begin MonoManager ReloadAssembly
Native extension for WindowsStandalone target not found
Refreshing native plugins compatible for Editor in 0.43 ms, found 1 plugins.
Preloading 0 native plugins for Editor in 0.00 ms.
Mono: successfully reloaded assembly
- Completed reload, in  1.154 seconds
Platform modules already initialized, skipping
Refreshing native plugins compatible for Editor in 0.44 ms, found 1 plugins.
Preloading 0 native plugins for Editor in 0.00 ms.
Unloading 1820 Unused Serialized files (Serialized files now loaded: 0)
System memory in use before: 89.0 MB.
System memory in use after: 89.0 MB.

Unloading 12 unused Assets to reduce memory usage. Loaded Objects now: 2306.
Total: 2.963600 ms (FindLiveObjects: 0.275200 ms CreateObjectMapping: 0.120600 ms MarkObjects: 2.425400 ms  DeleteObjects: 0.141100 ms)

========================================================================
Received Prepare
Registering precompiled user dll's ...
Registered in 0.002152 seconds.
Begin MonoManager ReloadAssembly
Native extension for WindowsStandalone target not found
Refreshing native plugins compatible for Editor in 0.42 ms, found 1 plugins.
Preloading 0 native plugins for Editor in 0.00 ms.
Mono: successfully reloaded assembly
- Completed reload, in  1.211 seconds
Platform modules already initialized, skipping
Refreshing native plugins compatible for Editor in 0.42 ms, found 1 plugins.
Preloading 0 native plugins for Editor in 0.00 ms.
Unloading 1820 Unused Serialized files (Serialized files now loaded: 0)
System memory in use before: 89.0 MB.
System memory in use after: 89.0 MB.

Unloading 12 unused Assets to reduce memory usage. Loaded Objects now: 2310.
Total: 5.203500 ms (FindLiveObjects: 0.454400 ms CreateObjectMapping: 0.204300 ms MarkObjects: 4.275200 ms  DeleteObjects: 0.266800 ms)

========================================================================
Received Prepare
Registering precompiled user dll's ...
Registered in 0.001101 seconds.
Begin MonoManager ReloadAssembly
Native extension for WindowsStandalone target not found
Refreshing native plugins compatible for Editor in 0.44 ms, found 1 plugins.
Preloading 0 native plugins for Editor in 0.00 ms.
Mono: successfully reloaded assembly
- Completed reload, in  1.134 seconds
Platform modules already initialized, skipping
Refreshing native plugins compatible for Editor in 0.41 ms, found 1 plugins.
Preloading 0 native plugins for Editor in 0.00 ms.
Unloading 1820 Unused Serialized files (Serialized files now loaded: 0)
System memory in use before: 89.0 MB.
System memory in use after: 89.0 MB.

Unloading 12 unused Assets to reduce memory usage. Loaded Objects now: 2314.
Total: 2.612100 ms (FindLiveObjects: 0.239400 ms CreateObjectMapping: 0.096100 ms MarkObjects: 2.145600 ms  DeleteObjects: 0.129900 ms)

========================================================================
Received Prepare
Registering precompiled user dll's ...
Registered in 0.001337 seconds.
Begin MonoManager ReloadAssembly
Native extension for WindowsStandalone target not found
Refreshing native plugins compatible for Editor in 0.42 ms, found 1 plugins.
Preloading 0 native plugins for Editor in 0.00 ms.
Mono: successfully reloaded assembly
- Completed reload, in  1.167 seconds
Platform modules already initialized, skipping
Refreshing native plugins compatible for Editor in 0.42 ms, found 1 plugins.
Preloading 0 native plugins for Editor in 0.00 ms.
Unloading 1820 Unused Serialized files (Serialized files now loaded: 0)
System memory in use before: 89.0 MB.
System memory in use after: 89.0 MB.

Unloading 12 unused Assets to reduce memory usage. Loaded Objects now: 2318.
Total: 2.361500 ms (FindLiveObjects: 0.233900 ms CreateObjectMapping: 0.091200 ms MarkObjects: 1.904600 ms  DeleteObjects: 0.130500 ms)

AssetImportWorkerClient::OnTransportError - code=2 error=End of file
